<?xml version="1.0" encoding="UTF-8"?>
<testsuite xmlns:xsi="http://www.w3.org/2001/XMLSchema-instance" xsi:noNamespaceSchemaLocation="https://maven.apache.org/surefire/maven-surefire-plugin/xsd/surefire-test-report.xsd" version="3.0.2" name="com.allobank.splitbill.service.ServiceChargeCalculatorTest" time="0.007" tests="3" errors="0" skipped="0" failures="0" flakes="0">
  <properties>
[...]
</properties>
  <testcase name="calculateAmountAppliesPercentageWithTwoDecimalRounding" classname="com.allobank.splitbill.service.ServiceChargeCalculatorTest" time="0.002"/>
  <testcase name="isCaseInsensitive" classname="com.allobank.splitbill.service.ServiceChargeCalculatorTest" time="0.001"/>
  <testcase name="matchesWorkedExampleFromAssignment" classname="com.allobank.splitbill.service.ServiceChargeCalculatorTest" time="0.001"/>
</testsuite>